6 4494 6493 481 3050 3026 4887
6 610 9246 4815 3058 3414 7110
8 394 9191 3830 5888 9018 671 3190 4027
8 3167 3596 530 6360 7683 5783 4007 5982
9 961 5213 965 318 5352 942 8118 8938 6544
7 9084 7210 332 5156 9209 2385 1880
9 7229 328 5887 5756 241 1487 3393 7812 2053
4 6418 9595 4836 2591
5 9550 2654 1475 9031 6190
8 7475 6794 4575 1640 5668 3433 9897 5903
12 769 8489 2975 5757 6567 7253 5409 2119 3974 833 8662 9377
15 1305 567 8548 9628 6634 8795 1733 7342 5861 7770 4159 5041 1461 8693 1555
15 4855 5227 1674 428 9071 5344 6491 5356 9566 1264 6571 9843 8025 8074 7773
10 8189 6053 7000 152 475 6089 3261 2095 6344 1855
7 3696 9392 821 2558 2156 8103 9287
8 7064 2422 5562 7630 2670 4567 7871 8553
17 1833 7230 3510 2896 9538 7386 4966 9964 230 4907 4266 3474 5143 3470 1235 6505 7061
21 9313 3294 8978 3875 5602 2999 2482 6871 4326 8243 659 8820 3722 4669 5872 4518 3416 8361 2611 2561 641
13 1066 2324 3176 7102 4291 5751 6270 6484 3904 3372 6386 8288 5226
17 3055 7398 5369 7580 6474 2409 3232 9836 7569 7931 1598 3127 2034 3847 453 512 9868
12 9393 3236 4112 2717 4965 2557 3610 133 3494 9224 7782 8402
16 568 6457 9813 9105 1491 9738 6222 4532 1203 6104 2024 1820 3913 3266 686 8330
20 7709 3891 7465 9254 7668 7438 9604 9731 3896 4834 4866 5878 1282 4279 4549 1714 1597 9163 449 7015
23 549 7320 8786 6220 3270 9065 4123 6082 1943 193 4293 281 7754 52 1328 8502 2945 8650 8960 8390 4789 4730 8047
15 5027 9851 1804 9680 3319 2178 7010 2275 4623 9054 9908 575 8906 3962 2430
14 1867 6745 6762 9440 9248 6156 897 459 7817 15 1283 1073 2431 5513
17 8950 4537 3403 935 9180 2930 6956 2753 5809 8239 4711 4851 1834 6042 2859 1042 6090
16 8271 5856 5507 9804 5674 3290 3062 2702 8864 2402 3163 2144 7099 556 4974 2099
12 3693 8566 326 4629 5437 2192 30 2958 9785 7672 4135 7909
18 8520 3029 9890 9951 5351 2952 4171 6380 2075 2025 3845 9264 8212 7615 1761 3130 1395 1626
6 6912 5008 2989 4690 2151 6527
18 6466 7455 2523 9382 2967 1465 6705 8671 4958 6971 5844 6426 6681 3269 1411 1982 5877 7972
18 9976 7028 4910 975 3585 9002 8937 4880 629 6279 1561 2933 9444 8049 467 4681 8974 2445
5 2384 1670 7728 5993 5573
19 9291 7846 4080 2132 9610 2585 8116 7456 4969 5684 2910 202 2228 9328 3145 5098 2085 6948 923
15 9563 9852 2118 95 6771 3789 9678 8523 5193 636 2272 1428 3392 5600 492
13 9799 9649 6200 2261 753 2653 7988 2122 8857 8963 6167 1302 1159
4 8342 1192 1744 4321
20 29 9052 8902 4016 849 559 7344 8272 2885 9106 1709 6495 2039 732 9470 8439 4745 451 8771 9693
16 6263 1637 7224 2605 4020 4914 1294 5238 9652 1271 1470 9987 7796 9592 958 1000
17 4307 2738 6741 4875 4405 7364 7411 643 2407 6699 8492 8218 8705 5122 5747 829 7482
19 585 6110 2147 6842 9164 1835 871 2108 254 5941 7749 6726 8903 6137 7549 1314 1167 701 9723
12 8213 271 6125 1201 7492 3778 5298 508 137 9006 7237 8563
17 6706 7020 5636 8285 5620 7883 7232 5584 921 8981 4433 355 395 11 2513 2175 6517
19 6160 7082 825 8219 7190 6182 9262 2706 6657 3499 130 6848 2722 1396 9237 1566 5168 964 9515
24 4435 7512 4848 7874 1272 3502 2732 3098 1110 7715 4031 5076 3859 8026 9790 1179 1772 5537 9704 3483 3551 7121 3725 9360
13 3253 3990 5540 640 6703 4615 704 5374 8809 9687 4496 7100 4471
19 8518 9405 6304 533 3398 4913 8998 9992 3211 9240 6165 1668 361 4442 1094 7966 738 2443 8000
12 2507 3329 4665 9349 5597 6655 1606 2712 6704 9211 7027 8422
24 1992 6849 4109 1655 9464 169 4749 8806 1168 1458 2875 2121 8150 3174 67 186 5421 7326 5582 1237 1782 1405 6400 7760
4 7716 8231 8969 6960
24 583 7704 8573 1997 9557 3701 9375 7595 244 4858 7903 698 8031 4265 5675 5419 8524 6827 1596 2403 4341 9356 1174 3367
16 8310 3527 7792 1313 267 9037 9645 2556 1872 4824 3039 1753 740 1690 6234 8824
21 5335 2296 5710 3512 5234 9832 2613 1511 9132 1455 7984 7415 1338 8134 2319 3186 3356 5134 798 3911 1018
19 6952 7116 3779 119 3740 4990 7068 2330 9001 5768 6451 7599 1371 7414 2733 4234 3711 6230 4325
12 6541 864 8448 9620 6261 9972 4119 425 5099 8326 129 5071
18 6694 1625 5090 6503 8236 1079 9242 5701 8990 6283 6367 1541 6915 6824 8745 3161 558 2620
18 9979 6747 8224 3921 1175 7209 7816 3746 6865 7793 1012 724 4821 8293 7016 2197 4100 3491
3 8564 6377 7678
21 7957 5387 5890 5699 172 8995 1239 5951 4328 1710 1417 7987 4628 6447 1387 90 2749 801 5195 9506 8727
19 4495 9137 9806 2216 7628 4595 2954 7176 1831 9043 1501 3222 7886 5420 3142 2027 6388 632 5886
25 4094 3049 6068 3866 6430 2207 7256 9858 6587 6374 4397 8843 1960 8547 4357 4009 1471 6262 9933 851 8966 7247 9096 7786 6018
13 1097 6485 1489 4717 7149 242 6604 3511 3391 8473 6184 3897 7621
17 7956 7329 9078 989 2639 1913 5241 4696 9812 2680 3751 5625 6444 5921 866 9258 9803
21 5086 1170 9503 601 4297 832 8191 8695 5803 3675 4163 9849 4074 774 744 8512 3926 2416 3822 8781 1284
21 5341 2714 6296 655 5240 5917 8112 1902 8151 9833 8780 5907 255 5083 5061 4919 4486 5552 3661 3244 7581
3 8670 5475 2528
20 6198 2641 6804 6942 6764 7494 4986 4930 7643 396 4247 6677 8815 714 3231 4272 517 5793 359 8596
3 700 7948 7376
17 7318 7346 5250 5101 4921 857 8616 6203 8817 9969 2282 5164 2965 4972 1615 7623 9999
27 5324 1414 6168 7255 6984 8035 1436 9516 294 8072 4916 6406 2740 6975 5729 7418 1291 7107 7201 7584 3089 5153 4514 652 1893 7476 1118
7 5769 3276 7804 8394 6586 3013 3861
27 5440 3918 9274 6836 3199 378 4862 3793 7769 3507 6462 4543 9142 7790 1486 4740 1976 4572 7838 1608 4726 3322 6195 8685 5613 1014 5147
9 8102 5487 6879 2284 9835 9748 6284 8032 5067
17 4150 1024 8198 9705 5511 8368 9138 8667 1568 4470 6306 8141 1125 9348 1382 2325 6753
19 1888 6199 2681 9633 9654 8128 376 7263 6013 5116 8659 7383 6980 8822 6720 8894 1927 5348 1015
22 7913 3325 7730 4130 4398 3133 8296 2898 3862 8871 5569 8450 7823 5801 8755 600 5530 5832 1719 7852 785 2951
15 2020 9985 8464 1977 8037 8652 2969 4594 7614 4317 4052 4180 2372 980 8949
19 7013 9231 8992 6006 4289 8669 7177 614 7396 528 2699 3273 390 8423 7269 3533 7257 6323 3588
26 1866 8449 2780 7085 1627 2741 5853 6422 7216 189 5394 8911 9462 1743 2996 6332 3448 3074 6714 3801 3206 7593 8165 3324 4220 6889
23 6807 9406 5189 7574 497 4205 6062 934 3621 6218 2948 8312 2580 1320 6129 5997 351 1795 885 7029 6019 8770 9294
29 3008 892 1221 9625 2323 1762 1746 7941 5001 5630 9800 2622 3328 4997 1342 5326 4810 4548 5127 6964 4504 3287 7559 7973 526 86 3518 5439 6917
28 519 7293 2915 9286 1508 9872 9537 2745 6589 2406 9882 4068 2959 1907 4660 386 238 4316 7454 262 418 9726 3941 7395 8321 5926 6295 807
26 6381 9347 9627 3544 4869 1647 5433 3784 826 7679 2977 3216 3501 4912 5687 4560 1026 5274 6611 9603 5774 8676 3087 4172 2836 2463
18 1879 4455 8410 7934 572 2434 5082 3770 382 1787 8788 3523 913 7821 7427 1865 8123 1350
28 5192 3197 6164 199 9871 3807 6024 7916 6946 2314 799 4114 2281 9022 7842 2978 6290 6928 1711 8828 2201 1712 7170 5960 3733 3633 6933 9374
7 2576 7325 5531 1149 8251 7784 5334
19 9626 7104 1970 7787 1529 9732 2567 4026 2953 868 2493 3642 3587 9296 7530 3014 778 3069 82
10 3629 2166 1995 1233 7380 3760 5138 436 9608 4900
26 4143 1803 2184 5725 6839 5073 7650 103 6578 1119 7258 4425 787 124 7317 3683 9243 2120 8683 9521 6569 1966 4446 5280 6919 295
23 563 8973 560 4195 40 8638 3691 1368 7755 7935 8334 3536 855 198 8126 9108 1262 7218 6594 3835 2114 5848 8260
12 117 8711 867 4784 8097 928 433 6858 7735 8169 4754 978
15 4090 6329 3291 6684 4106 6974 5763 8844 3223 3943 312 664 7283 7600 2134
27 2313 8323 4761 9524 607 3940 1211 8075 8945 9859 6114 8749 1217 6612 4878 2500 8513 8354 2617 2895 9883 1214 7105 6621 6482 1573 432
18 1269 6004 9696 2167 6305 4403 9062 8062 3086 5965 6653 4757 4922 3240 4252 9668 5318 4286
27 7928 6135 7314 8614 6402 7811 2115 1504 2315 1590 3894 6862 3796 6436 5722 9384 8958 4148 9713 605 221 7202 7996 5876 3218 8941 9131
33 9619 1113 5771 2056 2937 4541 2377 1620 7829 9837 3146 3450 8105 8291 4906 2768 2004 9017 7294 5612 7124 1483 9443 858 3106 7290 1425 7955 2985 3871 7485 5931 6817
8 2735 8227 712 6464 5363 6955 298 3631
16 1528 9128 9012 9297 782 5107 7682 9186 446 4676 2347 9147 4996 3094 6840 3063
10 3743 2006 3821 2537 2245 6446 2981 8244 1844 6152
13 5381 8739 3017 7444 5103 3383 8356 6509 2193 3310 1958 3688 4432
8 7799 4648 3263 4558 476 8397 7304 9309
23 8406 4546 4661 4807 7434 4372 4021 8030 3122 3829 2907 1695 6687 87 2392 9088 1153 8707 204 4488 669 1599 9721
20 4829 5782 6211 3597 134 8560 6308 4407 7101 9250 9050 2728 5585 9059 3517 593 8537 1397 9467 2669
15 297 1874 4449 5909 8343 8863 1918 8704 4381 3864 9600 8888 5563 9097 5150
22 4098 1973 8481 3753 2765 2850 9879 1953 4155 4370 9531 7908 6014 3010 3814 1219 9350 8790 1258 4522 3950 1562
30 6767 5060 5554 4285 3566 5069 9981 3364 1985 8018 2565 2397 4667 3592 9998 1624 3489 9877 3360 7160 5987 651 4367 9339 861 4755 5623 4697 8008 6060
17 8175 8965 8345 9150 1307 1154 2451 4529 7910 9230 5178 631 5266 1044 257 107 5696
27 3855 3651 9965 4826 2333 3493 7135 2291 8214 1364 3761 5305 4394 4264 4312 9480 2340 3912 8691 9688 5851 7280 4931 2871 7450 6441 3478
30 4882 5990 1959 9702 1324 9647 3099 8956 5700 6898 9333 2089 6043 5704 3455 1187 1632 9122 4765 6577 6187 9331 6759 6448 9642 900 2310 2862 9558 2794
31 273 1407 9412 5516 9512 1496 5913 4441 3305 4211 5770 4456 6642 9358 670 1840 256 5389 7397 1786 3684 4612 9791 6506 3613 7969 2103 8879 8156 2814 6453
33 423 1883 8979 6003 9562 3583 5228 6896 2320 9952 147 7078 4675 3085 4978 7340 50 5966 420 6175 356 4565 9032 9009 574 8942 4950 562 3109 3456 1579 430 9013
16 2986 6884 3426 9483 2469 5229 4466 323 5207 4611 3914 2554 1701 840 2113 7539
22 2432 4877 7779 6793 2109 5191 8775 5484 3379 9244 2868 7721 5412 9404 1793 4174 1484 7834 8636 8106 796 3975
24 6783 3147 8493 4111 5040 9574 8460 2715 1850 5364 2043 2268 1446 9534 647 4116 2746 7597 8061 2961 5536 2610 4047 7001
15 7965 3655 7347 6904 6038 7354 6709 1678 7835 548 9540 9203 2196 6371 2411
32 157 4428 4624 3475 5503 3721 4034 9101 8984 3258 1930 7712 8063 9376 4232 6469 8491 6774 2396 9762 3525 2485 2750 5745 2010 324 2475 1576 2457 2253 5592 7467
34 5881 9768 1054 5732 6398 5422 1232 2661 1109 3203 7907 8506 6120 6696 8108 5243 5002 4259 4710 9630 1578 5456 6626 9245 4095 8712 8834 9439 9955 6895 5731 1731 6819 465
29 9409 9166 1251 9830 2934 4940 3169 4089 5514 8237 5247 2938 947 7195 7262 7538 2263 7447 2820 4577 1404 7845 6992 6508 6318 1356 4054 2203 5225
22 2015 7097 881 9655 969 2906 7592 6905 8743 7205 2636 8545 4217 9428 999 7497 576 3980 1577 2481 2007 1722
19 580 9685 2198 5566 1873 9130 4017 5553 7992 5276 6673 2637 2908 926 3185 472 635 20 3417
26 8708 696 6455 7446 4115 2464 1587 4503 6832 1117 5105 21 1747 8748 9080 6810 3650 5614 5638 7720 1936 31 3134 6458 5944 7881
15 3307 789 5377 2916 3057 1319 7071 9126 6787 8702 6828 7978 9024 7756 7146
25 5018 3245 1697 1986 8989 3663 1676 8038 3031 1876 304 283 153 4597 9060 2283 1092 7426 8456 2827 2816 3388 6595 8898 9916
33 6670 7156 4194 2783 5303 9949 2578 9900 8542 8953 8193 1255 3645 4330 9113 9547 9185 6483 7982 7299 8360 7893 2708 6310 1435 4961 4401 7487 5130 6007 1403 2211 8900
7 2883 8557 7927 6922 2982 2660 2049
36 622 2788 6450 1326 4493 494 7971 7857 8551 2179 3854 3907 3141 484 4608 8976 1072 2350 6937 8531 5938 4783 9857 8528 5467 7540 60 5796 5468 5395 9168 4354 6881 6492 2329 6613
31 2949 1609 9556 3411 6316 3616 6119 6133 2543 5526 8407 4787 865 1199 2345 7403 8115 7419 8776 9337 5863 9423 3309 5707 8762 1969 2170 4458 2847 8865 1131
33 4071 7198 3947 6475 2651 1281 5695 3451 6237 5452 9238 7624 4248 1771 7178 7132 5216 1116 2414 149 1682 2918 9115 7470 8633 78 6278 9674 7649 1472 1261 2312 8185
29 3149 9920 1223 9769 4376 9492 6638 7912 2665 4477 2290 9073 6301 4515 7872 2137 2154 1075 6813 8016 8975 4380 1720 1390 4554 2221 7151 5857 5631
18 7657 4387 3334 9657 9457 3215 177 4327 9133 9912 8631 6921 7453 8849 4769 9507 5973 8740
17 7877 2026 4980 417 4137 5371 3809 2721 5641 9961 1829 5198 3080 4364 5666 6715 1230
26 7188 8629 2690 6000 2600 986 595 1169 514 715 5824 463 8620 9784 6116 9239 1053 8829 217 1567 1648 8476 4738 7332 619 835
19 5300 7114 277 3632 4396 8173 2368 4528 2302 7054 9786 4814 5065 7184 3522 2853 6943 6365 224
6 6965 8426 9927 6644 5253 3994
16 4586 5721 933 2663 8403 91 8970 967 7493 6515 4337 869 8717 7527 325 8350
25 5716 5948 1002 5301 8534 7394 3201 1424 510 1824 6675 331 3506 3237 9352 7225 5175 9599 8275 7297 3931 5850 8392 4281 9532
17 6831 5808 9267 9252 7153 8972 4168 5512 5109 9008 5010 7878 2727 8090 3543 590 1923
25 3692 1734 8040 950 984 6336 2527 2415 6041 4453 4625 5992 9533 8199 1990 1035 1811 4917 834 246 9301 7391 7204 8226 4042
29 3988 1630 9320 3490 4657 1106 617 4605 8101 9232 1197 4802 4002 5692 2861 2191 3198 9193 3823 8388 995 9124 7423 4424 4418 794 8797 7111 2271
26 4894 7891 9144 5212 3565 8768 633 8094 886 2842 4776 408 6378 4343 2762 2068 9212 8841 347 4719 7545 2149 7462 1426 2879 89
13 2941 3138 5285 2036 7034 4854 9044 389 1536 5924 4040 9891 2888
14 3654 5384 2189 8475 5984 6086 8340 486 3957 6481 8044 994 8089 7824
31 2559 8736 4184 1240 4028 5428 9761 9481 3867 2107 9379 1639 3137 4368 9083 6055 6105 9053 5509 2692 404 2980 7925 3020 9189 4079 3012 1903 3110 795 7937
33 7088 4635 3083 3966 3370 645 4099 2505 6737 7316 7727 9361 2444 7865 2437 7507 2950 5080 4175 4262 5397 8964 3150 9434 9690 6976 7437 9396 4993 757 1547 6507 5723
9 7109 211 2288 8825 1881 6153 6080 7667 4542
25 554 3384 8382 9575 4409 531 2831 2187 3434 4491 2048 4559 4898 974 5166 1229 7050 8777 4303 1374 7374 4402 5896 3480 6405
18 8477 2297 6910 8540 936 5986 1736 5463 5053 6894 8608 7826 3787 8508 983 2243 749 3313
22 713 9864 3949 7387 5310 3895 3584 8904 3077 894 4144 3299 220 5350 6427 5272 4447 6348 3838 7586 1892 4955
12 3321 3774 5570 3179 9206 452 5753 9387 7244 5068 5408 3586
19 6002 3708 6085 7006 405 1882 7536 8318 2489 4708 3764 291 4192 5883 2289 9918 811 6890 3562
16 3580 3148 1142 5957 1460 3054 5766 1441 1182 4588 9519 4998 5202 6158 6994 6479
19 2720 4873 3572 9944 448 6356 5267 7665 1443 9408 6094 3986 5094 7298 6583 8641 406 9937 1082
18 7861 9090 6669 9353 381 100 4639 8324 9156 6197 1785 2131 5251 16 5817 702 4568 9673
20 2327 5332 7610 6513 6785 1466 7917 2124 1858 6690 5338 8417 3274 58 3715 3780 8488 2032 6051 479
16 2828 9691 3381 7962 3707 6219 4210 4191 5321 2344 495 1680 5460 9129 5446 1439
12 1105 1949 348 5557 4244 2206 3421 4329 3028 9827 12 9753
30 2008 3951 6192 5777 483 3112 8615 4344 6359 1297 3394 9667 6437 4832 5072 9902 1926 2834 5470 5980 3431 9261 4434 51 7241 4841 9971 8082 8332 7410
29 2429 6752 41 2305 9511 146 5724 2602 8220 5074 5256 5201 6059 9157 809 6816 9774 5320 8050 6229 6995 6564 4142 4463 1133 9369 4041 8279 7601
37 6361 5393 720 8823 3680 6101 5043 709 2045 5160 5465 4924 6821 9407 1767 9155 9355 7461 7260 8427 7708 5568 4631 1618 6555 3037 2503 68 6411 4226 5015 5831 1454 1195 9776 8884 7795
28 1664 6658 9255 7196 7113 4853 9038 9994 8140 5708 8550 2213 5117 6286 1854 9501 7827 5823 4864 5740 5203 4501 927 8372 2608 5547 3097 2770
33 1776 8020 5214 4064 4410 7685 1910 7245 2802 3785 3429 5608 4426 7488 7570 5233 5558 5778 2595 2719 3446 1017 5706 4036 9932 5038 6289 2487 6015 831 8701 3671 3402
21 6607 2335 168 9289 9273 7555 9639 9229 613 5157 6777 1696 7848 7897 2097 2655 8240 5121 1868 0 5821
32 6695 190 8203 9487 1963 7994 1553 9928 8058 7843 5302 9644 3323 5249 5577 9683 385 8280 4903 1654 3023 2083 5327 5673 3819 9759 4474 535 7138 8132 2029 9430
35 4346 7180 2642 5182 9345 4139 8742 2404 674 6672 9159 8988 2037 6926 2309 5167 2364 7820 1450 4621 6791 8660 8358 5028 4422 6535 2182 899 8925 9432 270 1173 2902 5230 6434
23 6269 3849 6473 2442 992 9276 4636 9624 8603 5462 1591 1236 7999 3689 264 784 441 5024 1517 9719 3922 2606 2172
32 6663 2603 3424 6536 266 7922 9576 2355 7513 2174 9226 5372 3799 2607 6619 736 9767 7781 3505 8004 8017 8584 9893 4465 5762 5617 4556 8541 2421 1488 3984 7115
33 5424 8024 9469 3717 1386 3542 5601 7548 1537 1942 3946 138 7490 4062 6888 9884 6235 3763 5171 6382 1775 9016 6878 8577 2705 4721 7518 9280 188 828 7356 4156 2169
25 5343 3976 4299 8991 330 7479 5279 9478 8830 4358 4443 366 3902 924 6637 5430 9582 5319 5936 2070 9451 3559 8723 1293 4695
22 1794 5698 435 5779 4024 5952 7150 6319 594 7250 9605 7273 3595 8985 2092 6314 4261 1064 9765 8120 4268 1336
18 6321 3752 6528 5355 3526 6936 2005 5283 5657 5252 6592 7803 5459 7059 1379 6271 4813 7289
15 8395 902 5205 7557 8682 8546 4301 4952 1043 6317 8013 729 6300 5988 4540
38 1138 8302 9282 4920 6749 3220 9202 5866 8190 8485 5009 3798 5959 9056 3135 7046 2563 4804 8763 3336 9431 5035 8443 6632 5144 5315 460 3151 4108 1506 3571 587 4383 6294 759 5720 8091 8957
15 6656 7319 3066 4141 7092 2696 9684 1862 2866 229 5618 9601 962 9766 2208
25 3607 3409 3910 615 856 4450 5550 8266 365 3731 4590 4290 6387 7853 1321 6668 6646 5561 6214 1663 5647 4883 8654 9176 4292
11 8184 9763 5081 7336 5609 8714 9271 289 8070 3611 5543
15 5598 9996 364 3330 2789 2872 7181 6599 2363 5787 8276 9461 4923 7625 9227
28 3667 1689 4863 2825 5628 1494 9505 1259 9844 8051 2229 3772 4086 9706 6020 7094 4915 941 2091 3235 6796 5095 2764 8658 4759 4273 1645 5244
19 5299 3005 4935 9045 4733 5678 8367 4713 178 6579 7805 6882 4775 9741 6253 6591 1961 7123 437
33 8787 7677 6711 977 6886 8597 5579 2453 4584 2769 7502 8926 2478 1286 3283 4619 8887 4674 7723 8349 9618 7084 4178 2616 1242 9703 5667 480 8522 3113 6978 4641 5665
27 6822 1512 5996 3073 4782 8831 908 8160 65 3550 8400 9026 6953 2739 1763 8946 1915 8905 8411 7350 9307 1290 263 8375 1950 9215 8874
28 2869 5743 1869 802 6903 4953 9842 1631 9889 3669 4147 6800 6140 5268 4043 8264 2269 8885 7338 7919 9010 3349 9568 9942 6045 431 5265 8147
31 5406 5875 3317 3108 1729 4481 9546 9394 2790 6925 6751 6223 6452 4533 9225 6552 8689 4251 8778 8060 8322 5197 1526 6700 8100 9781 6944 845 6087 343 9792
15 1757 8484 9495 3816 3885 8042 823 1263 6744 9021 1548 8496 9529 6899 9520
18 8086 3024 565 9735 5830 5045 1257 5564 2541 788 2725 1952 1739 7268 9259 5474 3652 1213
28 6277 6139 1530 5282 4250 3051 8353 2640 106 7764 163 3750 2042 776 8793 3187 5084 4375 466 7776 5051 7964 7888 7496 3335 2227 5633 8054
26 5693 3608 9072 6556 4578 9958 9327 8930 6347 5826 3956 3577 8347 8754 4509 1126 1225 667 2905 392 1207 8690 4531 5407 8371 2848
27 4056 5510 128 8816 3842 8034 2059 1565 3623 1660 808 1464 9208 6692 5925 1965 2274 9386 5111 3001 8206 3423 6183 5813 2698 5248 4662
26 9675 8158 3068 6012 4658 6814 5366 5100 1016 5864 4096 6488 4459 6540 5498 6551 4999 1358 3337 2683 9446 6461 9390 4049 8122 8543
31 6815 4984 3989 7243 1252 5291 8665 3326 3465 2374 9694 3285 9143 5664 9442 1818 25 1730 1205 573 5822 1080 9660 7310 8613 3126 6273 8463 4790 5855 1038
32 3371 9473 8328 2881 3420 2180 5375 9570 1311 4871 4937 6548 2504 214 4547 8325 3599 7505 7378 2452 237 4627 4229 3563 1549 5797 8501 1287 6981 3734 6991 5174
9 7227 2759 3745 4484 3180 3140 1136 1602 3111
29 6412 4208 4794 284 8681 4659 4607 8761 7275 2264 3210 6982 8646 6820 3115 8387 7012 94 6282 5549 1878 9794 1726 7722 5616 5806 3928 2019 8910
24 3697 3067 4502 6645 9199 3532 4270 7271 8895 4942 4430 3154 2552 6077 5761 2800 2849 2066 1708 630 6545 2747 2926 1304
20 113 3104 9586 7382 6652 6809 2304 5426 6178 1476 275 8383 2829 543 8166 8470 3234 3088 737 8131
34 9216 8459 248 5816 2352 1046 8595 4552 8164 9632 716 544 9300 7724 1420 7305 2479 4591 2631 3351 8129 2093 6790 4176 2890 1270 1691 5961 3048 6934 3041 1495 4820 1088
33 8420 6877 4154 665 2635 1222 3732 7477 3839 8257 1220 7794 4221 5670 6920 7091 8516 940 1572 5330 2255 5930 6489 2987 5871 3886 9154 1327 4296 3781 4348 5449 7700
31 5717 2123 8309 5663 1797 6512 9158 7697 5221 9659 5353 6683 5862 4335 3045 7974 2584 3365 5215 9279 9502 973 1091 6496 6177 3626 7831 6477 1226 3664 8497
31 84 3311 1177 7337 7840 1369 4888 2388 5021 4209 2808 2438 683 515 9718 4964 7914 8052 8317 6999 917 53 2369 2188 7850 7705 3771 8386 1677 9178 2609
18 1724 5746 4867 4011 6109 6779 2195 9973 1594 8802 8602 9936 2976 4795 7163 797 1115 9573
19 5304 1651 482 1500 6615 2105 6719 1864 286 6566 8125 1922 4691 955 4242 7968 1306 675 710
34 3817 3333 4084 2112 7692 7856 8737 2924 993 2525 1193 9881 1389 9077 3498 7440 37 1402 1702 5479 905 8561 9076 2080 49 642 2301 3172 8363 8222 1254 9938 2785 6494
9 4601 8029 5480 932 8982 9764 6390 1210 3620
29 6901 3640 2401 4228 9477 2217 5169 524 3466 4651 9758 5023 3241 7734 1622 4831 5165 3730 2772 8944 2496 748 5773 4231 2138 2286 7008 5063 181
21 957 8435 4421 8146 6425 5012 6048 896 5838 1143 7291 7591 393 3662 2575 6766 301 790 8352 4311 8862
27 3869 3257 9845 8653 2551 6132 6593 6248 2246 1071 4856 5908 6769 9708 6459 5085 1964 8805 5490 3630 4817 4298 5659 9311 6073 1137 8138
32 741 627 4630 6128 5054 2781 6639 159 374 1595 8644 1051 2835 4378 3182 1681 8148 1612 887 4512 8381 9092 8067 2572 2579 8269 9978 7979 9567 3836 148 1642
3 311 3539 5891
26 5161 9974 5748 6186 7579 6967 3439 8028 9160 8446 122 2104 3973 8081 5349 2294 4694 8592 5588 6022 8333 6761 8948 6322 7946 7714
16 9670 166 2782 4003 9135 7636 4300 1859 4105 3227 5481 7363 8153 9181 5979 7713
29 4618 6502 2143 6327 2577 8504 5088 8300 7604 377 6659 582 3699 9378 9643 1740 5655 3078 5506 6949 9807 4183 5781 4510 7725 4140 4197 9004 7112
32 5860 2589 1588 8536 8791 6985 9033 1745 9962 7301 9496 4714 1531 2901 6443 2 1980 1781 9783 6728 2506 3359 4727 6935 9257 9648 2307 8183 8558 9484 7641 3380
21 9207 2838 1564 8637 1792 761 6009 3729 9148 5414 2650 3884 5703 8441 4968 7985 234 906 4338 4319 3032
31 8675 2748 7248 4973 1365 1250 1583 4274 1700 5534 880 2923 8299 3841 213 6490 7292 6996 5910 3706 2685 2249 5432 8467 9606 7639 182 3741 8552 7739 5055
14 3578 5679 1431 8099 5958 3832 1945 8048 3164 2317 7439 416 7771 7458
19 187 1228 5006 1904 1 6537 1509 2128 4347 2011 4550 9420 8027 7506 6521 3128 1909 3880 8480
23 6633 4352 6630 3469 9299 3428 953 5519 5259 2990 5956 6204 7313 5805 2587 9663 6325 6226 3407 2326 1972 2865 6470
14 2917 7287 3461 5920 3906 8854 292 9165 5170 3657 4857 2346 8722 3120
29 9581 8699 1267 5892 6438 5453 7448 3952 2867 1692 1292 1774 680 8344 7798 4902 612 1906 4513 2701 3352 5918 1021 8619 5342 3238 5011 4133 2529
16 7849 2784 9543 4404 6076 1725 711 7516 7045 8401 4634 1800 8624 7407 8064 7206
10 672 7810 8967 6349 7839 3627 1301 2993 5273 8113
24 606 1447 499 412 7807 3072 9863 5032 2873 3545 8709 2102 2003 7851 5030 644 3019 1408 6334 3350 9747 6750 8308 2597
32 2465 3546 4200 7430 3022 1693 6643 3482 9284 4249 2373 8289 4899 8544 7566 6861 6179 4535 2793 723 8162 5418 5378 3011 1337 3464 1185 7409 7311 8980 4506 438
19 5885 2536 7406 9926 2992 3036 5263 3958 2126 2675 3228 8229 5014 6463 7343 8455 8078 9878 7472
35 5445 5615 608 7602 3445 9527 1349 9177 8617 4045 485 4800 8798 4539 9322 3256 8873 534 3628 357 1373 63 8117 8241 8045 4926 954 4005 8452 5434 7481 8607 6084 5293 1359
23 6039 7926 5532 4092 1921 5258 3399 3361 1704 7095 7264 6990 9343 4780 6770 6986 6311 7951 6789 8168 4545 4145 1343
27 24 739 7768 1843 1685 225 7096 9263 9641 7564 6056 3007 3070 5092 9880 6829 8810 1289 4030 4614 4216 764 7571 6065 2502 3965 750
16 3555 5858 9636 9314 7759 767 872 7295 9862 5239 6959 9145 401 3064 4649 626
29 3168 3459 3786 69 5719 6538 6580 1686 1721 9980 7822 5380 6181 6830 4971 4963 8920 8136 4053 6651 1103 9253 9437 1732 8096 8304 1060 8137 2724
20 2135 6150 9869 6818 8059 4318 2776 2817 8378 8719 628 4579 1542 3558 5842 8959 4267 9834 1019 6721
12 8587 9087 4507 3936 8663 6401 5754 2145 7568 5637 1559 6997
17 1209 477 3773 5955 1634 7284 1706 8180 5750 3254 810 1095 1419 4129 5652 3043 8507
29 1315 817 200 6718 8419 5539 5036 7041 444 2220 5835 6345 2645 458 8366 3139 7718 6733 2215 9583 3452 2676 6945 33 6144 5811 8606 1718 8947
20 9305 1492 7355 1539 9498 8549 2204 6309 9500 1164 5056 2194 7158 3162 9427 13 6099 5485 7783 1139
30 2944 4255 8766 4957 6648 7239 938 490 4055 7389 6240 7626 2903 2892 8221 2012 6299 6568 6267 6773 6666 9895 197 2098 2697 5361 4553 5629 9196 9536
18 677 9733 1100 502 98 4101 6647 1459 8819 592 8599 9099 1216 2298 9650 5760 2540 6221
28 3025 6558 1010 6069 3116 8176 120 5764 3782 2909 235 4892 4263 6102 1171 692 8233 6281 9522 4146 5142 1385 3301 1295 9555 7577 9736 3858
31 768 8073 6338 5621 1557 6216 4593 4744 6416 3646 1448 695 4219 5929 7351 5640 2417 2183 7137 4573 3300 522 6760 2361 6057 2252 4896 8036 5718 9146 8490
18 445 1593 3396 2497 506 6969 7191 2797 6268 7075 7359 7995 9787 3224 5294 3698 6445 6260
18 7141 4414 209 9251 6397 6432 4218 2242 7328 1360 4732 9465 2843 3718 5676 5029 9334 1569
10 2418 7031 1749 4240 7606 7752 9120 2819 6191 7681
11 7468 362 2488 110 7023 3971 7349 9811 8374 5606 2508
8 4758 3540 4196 439 5477 2041 5091 9569
20 55 4693 3092 8133 7710 9410 2857 9222 8610 777 6103 9221 8033 7990 4778 3713 8674 5275 321 2840
38 7429 2233 5049 3200 6742 2250 7246 9068 4798 7066 1912 8339 3432 8511 754 9213 8533 4188 8621 6366 2040 8015 985 9661 5261 4943 6542 7400 6500 4061 7833 1552 5311 7300 9399 6853 5415 3021
29 920 4781 457 2382 9419 66 3513 5400 847 6161 9298 3606 2694 7130 5102 8565 4373 3668 3834 5843 2002 5784 5454 5286 8053 4193 1652 4374 142
29 2695 9452 3129 2518 6454 8421 8882 5837 2884 4699 3247 584 8598 3277 9894 5140 2367 5339 551 5945 1028 2050 2806 6993 8744 4277 2200 7938 5504
20 4058 699 8462 4153 830 2181 8188 5576 6081 3909 987 9000 6238 4700 681 5493 7436 5735 5682 7017
34 2061 7889 2626 1200 7567 4602 3038 8642 300 4415 4773 3570 4499 7024 2341 4620 4000 8478 9034 3634 1611 9772 6194 1482 5515 9956 3415 7074 4927 4393 9290 4683 4592 4186
23 3281 5113 5954 7323 9450 6357 2171 3905 7920 5556 9917 9278 4075 9049 1129 1158 1507 4271 9123 3158 4160 3929 9829
17 9913 1186 5187 5642 4555 1023 2533 9398 2795 1659 5555 755 9220 6011 9635 455 9476
26 2519 9820 7585 2399 3795 6340 9617 1453 4617 6098 5451 3673 3271 6064 1638 3053 1988 859 8855 7098 9111 3413 1058 503 5742 8019
27 7911 2928 8157 6021 1430 2984 883 5062 5133 5385 9571 173 7743 72 6572 5590 571 4427 4102 1366 9808 7051 6616 9676 9860 4315 2658
16 9523 1860 9011 3594 9109 4792 3648 5702 6757 1069 387 536 2804 2241 3341 7093
21 1978 3196 2455 6029 8348 7534 9822 2547 8111 6972 7694 7644 9931 4161 1619 4901 8648 8939 7489 2839 2530
35 3239 4511 8351 6413 6739 354 4366 7169 9027 2035 4664 9074 8109 5386 10 2710 9967 3000 6429 1065 7480 4849 3132 6516 2674 6697 5246 9007 1540 1285 5044 7039 6931 383 3302
10 1353 8209 5983 1582 6623 411 7348 5322 3903 3618
24 7862 1111 422 7278 7746 7693 9388 2612 3075 7222 518 6036 2308 7003 8248 6050 6100 8409 6256 3942 4324 1586 3408 7825
17 4742 6529 9401 5541 7172 3453 1146 884 2202 8197 4766 7989 2157 2752 302 8622 6093
12 303 4583 8274 4482 895 8306 5889 2914 3945 2152 6439 6185
17 7401 9402 245 4720 7884 161 6698 1937 8500 9438 4939 2534 3824 1087 2130 3204 3346
18 5222 5500 2973 2338 8445 5660 353 7503 819 793 5314 9110 5313 399 7179 7800 9188 6686
6 6115 1438 4233 1276 2573 8319
26 8703 1323 1121 1260 7174 2473 115 4213 7573 5933 7898 8182 5340 3968 8753 7855 1821 6520 5946 4308 9876 4904 6246 7533 1001 9796
32 8962 5237 2657 7572 3915 8155 415 2667 4879 949 8316 280 2498 5031 3316 2139 8107 1163 5257 8569 9312 1007 5775 1848 8866 6614 2133 3576 8152 8163 5476 9304
5 8509 3202 5653 1478 6063
12 9888 9046 2711 5017 8747 1884 4485 7043 4006 3297 3705 3656
26 6456 8104 7373 7686 3366 7276 403 1081 2395 1309 5070 8721 7004 9541 9447 3660 2894 5518 3056 5078 1575 3002 2353 1699 9909 4120
19 9283 2538 2074 2212 7139 6835 8012 5728 5767 1445 2318 8684 3899 3762 1585 925 5923 1514 8119
31 1543 1605 874 135 3554 1863 9497 7558 3901 5567 8159 9810 3213 3714 1933 7285 4650 6385 8003 3217 3695 2792 5634 1621 7412 7717 1801 7906 5884 371 2876
16 7463 7435 6786 4349 3840 4065 2693 1393 5715 1027 2376 5399 6364 7215 3589 2897
19 5902 2791 1208 1416 1832 8471 9788 9173 8202 8971 5836 9596 9960 7261 9577 3500 1653 8710 3528
26 6649 2512 8207 511 5656 660 4709 6850 6391 5329 6146 3625 2358 7529 9911 6525 3888 3484 4925 7947 9336 7154 443 3344 2280 1300
12 4379 7471 7546 8554 7442 4806 4544 7684 589 2069 4991 1545
29 9187 5744 1955 956 9634 8575 8609 7282 6476 7103 9701 9823 7726 3924 4073 279 2956 2299 1629 6854 2360 8010 7815 8913 6606 9 8538 7742 6127
15 8728 5818 3354 57 2754 4070 7519 4837 2460 7603 6373 4022 7133 9281 2117
26 1560 3826 9602 8915 3114 9171 3802 2076 4497 7837 7515 509 4224 1875 384 9509 4023 2911 3306 2334 4908 2628 4752 8278 5688 7166
24 6044 9306 9744 6523 6196 6272 7745 8245 9479 8431 3101 4359 9548 577 3979 3312 9921 9814 2046 299 3637 8001 5854 8850
16 61 2436 8346 6550 9341 708 9539 7633 7122 5141 7863 8216 5974 9058 8808 1150
29 7952 3208 7379 1422 5123 9192 7296 3339 1468 8593 4947 7063 8583 3917 201 2427 3419 4859 6754 5560 4399 1698 8267 8589 1354 447 56 398 6288
16 5868 5358 493 4202 4587 5799 5124 9346 3071 8139 7228 783 7537 5312 616 1134
32 3410 6851 8254 1601 8187 2033 9134 6784 7761 2260 1429 1532 6562 3534 3963 9709 9269 5575 1499 2615 6072 4151 3226 792 2550 8195 623 6723 2929 7307 8582 7441
33 4839 7140 8277 2904 7554 2235 2077 5135 6346 8860 2072 7873 3790 2846 7949 4566 6605 1029 9941 8833 9739 4067 5565 6798 6079 836 8570 8389 1442 3488 2492 9865 9329
17 8204 5112 3188 5711 1474 3418 9561 6297 1861 3767 9489 8845 2815 4230 1808 6795 4725
23 1332 2520 9805 8521 2856 2570 4035 1355 3124 1256 9019 5190 5438 1851 9217 6046 2491 5596 1826 9771 3792 1510 7676
28 2571 8630 4170 7637 5712 3615 1845 4063 5914 6363 3977 2205 8628 6940 2398 7797 9572 2549 5336 3769 8751 191 4983 9371 2337 6 1020 8171
11 8292 5991 7671 1919 6355 2127 2287 1127 5714 8870 4124
19 9707 5727 513 5120 846 6825 5382 9950 7370 9324 4340 434 6375 3561 9091 1140 5471 1084 8897
31 6961 4260 206 7236 4705 2997 141 369 4113 8928 862 9968 4564 4840 9302 7331 2084 7192 609 1769 8931 6701 1662 4808 9953 960 3644 3033 4416 4865 2755
23 4687 9544 5025 854 233 1322 2644 7653 5416 7932 6145 4462 4598 8457 9622 4199 8724 6112 1614 5587 2090 5865 5173
25 8878 2425 7662 39 8413 2065 7866 8807 2596 7402 3404 8729 2632 9653 6351 1894 5788 4671 9391 7087 5119 7035 2998 5895 8154
28 1005 7129 8832 3739 7882 3759 649 9228 2760 624 2546 6897 8258 1485 261 7076 1249 3920 6532 5118 9455 2604 602 5431 2300 8238 6533 8847
32 8840 2899 7975 7867 7698 7211 529 7019 5457 1048 9482 2248 7339 3121 3079 1392 7788 7651 771 2047 4118 4492 8066 5354 3143 6524 3440 8311 5047 5499 3279 3264
25 268 5572 7249 5347 6729 646 9035 4384 8782 9817 7194 5026 4992 4982 28 6224 687 2863 3878 9966 3492 8666 7673 998 8331
26 8559 6740 2649 9579 2648 2082 7900 5804 3574 6833 5529 3997 5019 3387 3081 8846 9086 5277 5346 5950 5839 8043 1809 8499 690 5020
26 4525 1194 8803 7193 3194 3181 2966 1716 2630 6581 7510 8432 2295 2365 1083 806 3670 1401 8639 8818 6468 5677 3681 143 6032 2983
27 372 1406 8574 1518 507 4764 2673 546 2477 4884 1981 4012 4768 3282 4701 5852 2222 6303 8914 340 5791 7251 9069 4412 8083 7731 6467
16 9325 3358 6154 80 1188 8625 8256 1600 9373 1076 4684 7959 3042 4310 3857 6342
36 3030 6924 150 6710 1684 4585 2900 1352 7425 74 2164 7145 6389 8741 9292 6970 8961 678 3948 8881 8875 226 727 6166 9197 5928 6661 5435 3035 3184 7303 4305 7758 1191 8301 5841
15 3564 7553 6765 9925 1623 7582 1463 9756 8986 4534 3727 5003 3687 1473 1646
17 6424 2426 1527 4088 7464 3955 7155 7185 1351 9047 7844 532 8726 2322 170 4951 6417
30 9698 2106 8440 290 9819 7203 9846 1062 7778 5632 7381 3293 1277 9727 1310 2837 9460 5288 2226 2860 745 192 2801 1788 3998 2450 2656 316 8087 7997
21 4644 3468 105 2173 2766 3509 3173 7560 9780 1827 3178 1657 4461 7942 8215 5048 5224 579 8611 7565 3619
30 9679 7864 3601 8434 3938 2686 1245 3102 3609 8510 542 5373 8872 5976 2062 83 7753 1836 9093 7056 5392 4760 2030 3175 3641 6010 7042 3860 8098 7049
18 5934 658 5517 4225 9613 1381 2088 8287 3934 6330 7954 5685 911 662 2880 2389 7011 4846
9 4078 2942 1363 3614 2486 5825 4 1962 707
18 734 1984 6410 9104 1755 8529 7642 4724 7048 1330 2054 2125 174 2583 4530 6650 1951 2163
15 3471 8848 1218 6058 9064 751 5050 2160 8303 1238 9614 9993 5390 1887 1929
30 9140 9463 5535 9485 9743 8194 3117 7466 1101 7014 7918 5005 3 1296 537 2354 5255 2517 2968 3243 3486 2723 2671 7509 7358 2730 471 4987 9887 4091
30 3442 5491 697 9640 596 5662 1331 4400 3165 7081 9553 2548 6866 282 7021 4473 889 4322 2413 6227 4464 8927 158 1056 3040 2870 9922 948 7460 2813
26 222 7993 9316 4686 9042 3993 1886 5622 2270 7629 1008 1679 9474 4351 2052 6124 5648 4609 7200 6725 5037 7977 6676 9831 8178 2773
22 6228 2357 7638 1994 1580 9179 9429 907 2386 1098 81 352 6775 5786 2841 9490 7627 4746 5810 4448 4524 4557
19 219 7451 7372 7870 3972 8530 102 6989 6716 9612 7080 8373 17 9542 9867 5975 6016 3286 5571
30 489 4437 2495 6352 3047 4652 85 9381 3155 6331 76 454 8284 8335 3481 6660 9204 8852 9308 3183 9051 4670 5331 6074 2878 2858 1758 5046 5538 3883
20 8773 7940 7266 4770 4032 3982 2851 5739 1375 9995 1063 7486 5096 6291 4994 9775 9198 6782 3812 8057
26 7929 726 5425 35 7208 552 1181 9070 5847 350 2931 1516 2535 545 7521 6938 6869 4238 7767 3265 9454 3369 7281 9773 307 2509
12 7561 8586 3541 780 6575 5287 553 6243 1067 3848 4077 247
8 2278 2736 4811 2073 4057 108 7214 939
20 1335 1784 8892 2440 6392 611 6078 4371 8694 4638 3851 2234 3225 2038 1333 7424 7818 7899 5894 5125
8 4842 4885 442 1399 9997 1128 3229 5296
29 3444 3249 2230 718 7277 2927 3636 9475 2044 3524 2810 388 5317 1519 4970 7583 5589 1533 6640 1049 2763 8255 9067 756 7950 3987 4013 4918 2586
15 9121 9471 7706 7168 3567 2199 9716 9184 8677 6546 1204 2321 136 5697 8535
28 5970 8783 2742 6409 2470 127 9458 6163 979 6674 4561 9136 4060 8935 2943 3004 4678 7514 9149 1807 3927 5644 5162 7183 8908 3679 4158 6419
17 2920 7711 8370 3105 3191 2060 3435 9364 4838 1274 9840 7089 3084 1347 4275 638 2225
31 5235 8149 6155 498 4029 5690 2652 3930 6333 7806 1045 9023 1914 7009 3919 1469 3935 4889 1068 3953 4182 3889 6136 2704 6693 9486 9383 4392 1694 722 3617
23 2316 7108 2110 7361 1348 4206 7167 3992 9919 8916 7531 7142 1666 6315 7371 9448 2454 8526 7828 2623 3107 1931 2627
21 541 1372 1030 7666 6563 313 6893 1152 930 1246 4361 9885 4861 8384 9669 3378 6368 6487 7002 4103 9326
23 6724 6735 7086 7690 2140 657 7808 6460 342 6868 3635 5379 7408 8732 205 1036 7302 5671 4600 6576 1093 805 7223
22 5245 6239 1206 7924 8428 929 7879 3473 6312 8242 5097 7578 9591 5795 9351 5 5469 7469 2629 1479 4181 3723
30 2531 1852 6255 1503 2731 6026 7162 3315 4944 7221 3476 3556 3765 5004 3447 946 814 815 3242 9415 8084 1661 4284 9525 7053 8124 9782 9389 5953 1006
19 7499 6662 873 2370 8186 7944 2960 6543 1457 6561 207 3153 8604 7189 3703 9499 5057 9977 8230
28 4948 6159 9631 1777 8110 6280 4256 8263 3843 4117 1603 5211 4988 5919 1107 3548 7526 1161 1822 603 5126 1825 2158 8076 6585 8532 9970 9472
22 6252 6399 8800 6746 7680 1123 6622 9821 9233 1901 5139 5741 8668 653 8757 4751 3504 5159 2267 176 6241 8700
15 8731 3579 2957 4048 4128 6838 243 8954 6847 6600 8893 4570 5599 3856 4241
31 7399 4706 1524 7737 32 6584 8876 2394 691 4989 1790 7659 7077 5219 9554 6176 6504 4454 4360 1885 7449 1434 9616 2028 7 5989 3716 3385 5505 1467 5254
31 4066 315 6265 8868 9681 4786 2979 5899 8014 1391 2568 8225 2023 9607 6682 693 7620 654 5681 1361 8859 4672 8196 6217 1938 3248 5935 7702 8519 9711 8618
14 9752 1384 6206 3833 5593 2343 4072 8307 5999 4893 5180 4420 8430 2818
20 9514 5218 3430 4107 6173 46 990 23 8235 1156 8145 9365 2638 1120 4203 504 8943 7943 59 8217
17 4788 3160 2566 3605 4938 7847 7777 6407 4819 6610 3837 9266 879 7069 5508 9906 8377
27 5649 8412 5260 9623 4019 1810 7967 7998 6908 4121 5000 3908 9826 8234 9107 9615 747 888 705 1812 8174 6358 9749 6539 5551 2055 4157
19 9847 8290 8784 7312 8772 2799 2751 9293 4198 8172 7517 3777 2779 73 8201 2886 770 1341 2664
33 6689 1227 8713 3603 6856 2000 2919 6597 379 2439 2400 1946 151 1911 6823 5943 2700 3967 1616 6852 3034 7308 8002 6193 1462 7052 3853 9637 1288 9545 9417 4490 7953
32 3090 6654 661 4673 1723 6966 772 97 1004 4104 5559 2501 4489 7007 4487 689 4044 1317 4881 4004 903 1574 9041 165 4633 7617 9875 648 6958 1456 424 3289
29 8329 3575 5089 9815 6498 8955 6244 4872 8505 9167 9754 4985 2148 1727 703 9730 3195 5882 9342 496 6117 9413 4812 6250 1837 3898 8877 7375 4243
27 6403 208 8259 9742 1644 9288 4498 2921 843 6885 7645 5210 1905 991 3214 2590 4500 6792 2995 5316 265 2940 9717 944 7335 144 2100
27 8640 8262 4164 4246 8856 9182 6480 578 5064 8883 7164 5527 9403 3389 9699 5496 9697 6867 7022 4860 9746 2830 4149 8265 322 8210 5108
20 7040 8458 3368 951 4656 7785 6247 3685 5709 2359 3508 7930 6531 5898 9760 4735 3612 7405 5776 4891
31 9003 8932 7117 8835 4050 8093 982 9923 8228 2362 1412 1299 2972 1096 1814 5039 914 909 8738 7327 3331 7353 7047 4438 7892 6302 7836 2258 9488 7393 4929
27 1735 8021 6202 7226 5650 8273 3345 1521 5915 8801 1198 3295 2874 7525 7384 6799 6880 6231 6142 6225 9899 673 5893 5669 8080 6911 464
24 2247 6123 6756 4830 9751 1346 9809 7187 1944 6680 8661 3776 1388 2494 9119 5128 3427 3059 4928 2936 7688 685 2618 7252
15 8890 2461 125 4025 2646 6691 1798 4576 7038 2643 5148 5828 3791 2691 3825
22 7640 4959 3362 5417 7750 4033 5911 4712 8294 4771 3353 5110 5200 8041 5365 5461 763 5542 6212 3863 4909 901
15 2176 3246 7590 5013 6768 2625 2331 341 7814 1898 4479 4185 1055 2276 4018
32 9449 2031 922 4643 6618 1325 516 8494 7422 3308 5176 8764 2994 6891 9725 3568 4692 4960 6588 781 132 407 5736 9986 8249 4445 7032 758 7766 2659 1437 5939
27 3549 6404 3865 7876 3666 1667 3082 6213 8909 8687 1891 5155 3959 8725 4235 7635 6126 2971 2582 2155 1849 4339 9214 1244 5398 557 966
10 4475 1421 8088 7813 7719 6433 9589 910 3514 3284
28 3457 5359 9030 4666 9118 2771 8804 7118 1768 3624 7267 7368 3893 6565 5052 9665 6988 2499 8393 9854 333 1234 8461 5494 336 2449 1247 5859
34 3103 2079 6208 2787 6927 3775 1846 8869 5033 121 8952 4734 9838 8268 9321 7352 733 4801 8649 8250 2371 6617 1183 4215 5916 123 1760 4702 9745 7057 6242 6258 5798 3820
32 6900 4223 2539 9549 3537 2852 4756 4227 7197 8486 1979 8760 2218 6423 4805 1783 2016 305 8362 2757 547 4954 9904 3096 6954 9898 7669 8282 5591 1147 6518 7182
28 8698 3170 5307 9100 64 9195 9357 7037 9441 3454 4212 4237 2796 8567 7608 1853 6249 4110 3485 1172 525 4269 4563 4886 5661 8424 2786 3347
25 4377 666 2209 9234 7234 2601 9724 9268 1308 800 1741 5981 4626 8469 5401 6049 4239 5840 2594 2210 6702 3712 818 7980 3259
5 5402 9459 4390 3887 1378
30 1273 7612 9666 8338 3375 9190 4645 6274 9975 5995 7894 7508 8562 9983 3672 1394 8692 4460 4647 8627 3844 9594 6320 7970 5333 2689 5812 7079 2922 4127
12 6913 6875 419 1628 8071 2767 9162 4962 2238 4911 9025 8921
12 1993 945 730 9757 8796 3879 7901 3530 9082 9272 1061 3207
6 6031 9954 6285 2593 6514 4622
28 6780 7357 409 210 6023 6251 6172 4236 4677 1934 6743 5658 684 1525 5605 5639 5186 9063 8515 5270 5927 2490 6731 3280 6664 1636 8934 9915
17 88 5971 8447 4207 8085 7663 380 175 5792 7498 4654 6713 8571 8468 9277 4779 5646
21 1178 5815 7729 6932 3811 5163 7065 7904 9079 5738 8006 2619 1085 9414 7983 2219 9873 8429 9552 5977 3643
11 1135 9366 184 7385 1780 167 9040 8364 3995 7981 3638
28 474 3758 9874 1550 1102 7535 9075 8827 9089 6134 6808 3877 8576 8673 6522 5482 363 6947 3649 5873 1157 8837 5949 9714 8327 5077 1805 1377
31 1040 8376 7648 5686 6141 8298 7933 6962 1643 5610 6857 4014 1819 7819 6083 8933 6431 1011 7674 5789 1673 4632 2824 8626 139 5022 7696 9210 898 8365 6170
20 9901 5654 212 4520 2186 6174 4097 7598 6180 8839 9580 9005 743 8479 3954 721 3327 2096 9770 410
19 4309 1838 5466 3462 9947 8192 5492 5772 6781 45 746 3978 9323 6872 1141 9850 7869 5362 1367
29 4679 3119 3970 4356 9963 7274 4406 3846 538 2532 414 6047 1165 4936 4603 7199 7473 1675 1089 79 1086 5269 7219 2185 3422 5179 9354 2441 8069
24 5497 7186 1778 3292 7106 5880 4517 7288 8680 7345 3815 6732 9597 1877 54 7083 1490 8451 6624 8337 391 7175 2273 5586
12 6843 2963 2718 5867 8142 6209 762 8046 4189 4729 9990 7789
18 8758 1908 8940 8379 9948 8585 3230 101 9340 6396 937 7044 4728 8612 131 9317 3458 3125
16 3647 3503 4870 9170 2826 9855 5423 7279 6841 5726 8861 1380 9061 6339 6603 5370
14 1563 6066 6902 9729 461 1104 890 3925 6963 1956 6384 421 5978 4538
19 9411 1090 3991 3193 9848 2433 4747 276 3519 5325 2257 2521 2259 1658 1683 7751 7390 1003 1212
25 3156 9935 4833 6420 5158 1215 9466 1523 8851 6106 8918 912 5730 4457 6130 8997 7939 9218 3674 7238 6776 5524 6091 6233 8730
15 2774 8792 5626 9712 7732 1738 5603 6930 6727 1748 3694 9798 7547 5969 3755
7 1515 8425 2511 839 6293 1817 2516
27 2912 8055 9559 3602 9795 9116 3818 952 9028 7562 5323 8987 6806 7689 3547 4582 232 863 5292 731 195 6609 4526 5149 2232 2666 820
22 8578 2480 3754 8746 4642 9141 6157 2844 6171 26 2447 9422 3171 4389 5912 5328 5905 4753 1400 5758 7976 7036
30 7070 2424 7428 47 5627 5495 6313 4331 3531 2240 586 7341 4777 3999 319 4809 877 9085 7090 2381 3355 4333 6394 7242 8734 296 8232 8923 4823 3985
35 4214 5034 9385 8079 6034 9710 8555 6805 3622 4828 4278 7474 3874 779 8416 7587 3449 5104 77 5271 1974 8498 9318 9201 5154 8623 4946 1329 8474 236 5544 4363 7611 1713 5501
28 375 1013 5295 164 92 9737 1480 8645 9611 5879 2057 5486 9508 2153 5904 9946 6667 3808 3598 9664 9295 9957 2251 4476 2224 4803 2845 8022
16 6916 6189 2293 8588 656 6601 8951 3205 8968 8891 8454 1202 3797 1823 4799 3386
15 7119 7575 7854 3996 2101 140 1398 5683 2349 9332 6685 70 5443 2544 3569
14 4008 19 8774 5829 4411 9750 3720 5845 8756 5874 8880 5749 7161 7058
29 4536 8715 6245 4245 3477 8785 9151 6907 6864 2383 561 4845 6707 3152 5785 6860 3412 735 2063 8716 5820 160 8336 8838 44 4332 231 2223 6111
10 719 3338 7762 118 1589 2393 959 8253 3749 1705
10 2356 1773 6951 306 1452 4162 4451 2165 5264 9677
29 9020 842 6307 1830 4613 6526 9127 5713 5962 2292 1166 6883 320 581 5217 5607 5448 344 8068 1298 1703 2522 7157 4640 5410 3665 971 1939 5937
18 1815 1635 7631 4703 3783 4704 9564 5405 2809 7532 397 7809 8572 706 4741 1935 2410 6870
17 4637 109 368 5284 5502 2237 3516 2524 4444 6918 1764 6631 6534 7524 2408 8594 4716
31 8179 400 3557 7152 853 7315 3981 5619 3314 215 2086 2713 5042 3593 171 9939 4165 4688 8907 5220 1124 7240 9590 3189 5595 2855 7233 3275 5545 2677 5672
8 4059 7687 4467 7483 7147 5790 8503 9172
